flutter_plugin_android_lifecycle/intermediates/manifest_merge_blame_file/debug/manifest-merger-blame-debug-report.txt
1<?xml version="1.0" encoding="utf-8"?>
2<manifest xmlns:android="http://schemas.android.com/apk/res/android"
3    package="io.flutter.plugins.flutter_plugin_android_lifecycle" >
4
5    <uses-sdk
6        android:minSdkVersion="19"
6-->src\main\AndroidManifest.xml
7        android:targetSdkVersion="19" />
7-->src\main\AndroidManifest.xml
8
9</manifest>